;  LST file generated by mikroListExporter - v.2.0 
; Date/Time: 25/01/2014 21:42:59
;----------------------------------------------

;Address Opcode 	ASM
0x0000	0xF000EFC7  	GOTO        398
0x0004	0x0000      	NOP
0x0006	0x0000      	NOP
0x0008	0xF000EF00  	GOTO        0
0x000C	0x0000      	NOP
0x000E	0x0000      	NOP
0x0010	0x0000      	NOP
0x0012	0x0000      	NOP
0x0014	0x0000      	NOP
0x0016	0x0000      	NOP
0x0018	0xD7F3      	BRA         0
_Delay_10us:
;__Lib_Delays.c,11 :: 		void Delay_10us() {
;__Lib_Delays.c,12 :: 		Delay_us(10);
0x001C	0x0E06      	MOVLW       6
0x001E	0x6E0D      	MOVWF       R13, 0
L_Delay_10us0:
0x0020	0x2E0D      	DECFSZ      R13, 1, 0
0x0022	0xD7FE      	BRA         L_Delay_10us0
0x0024	0x0000      	NOP
;__Lib_Delays.c,13 :: 		}
L_end_Delay_10us:
0x0026	0x0012      	RETURN      0
; end of _Delay_10us
__Lib_Glcd_Strobe:
;__Lib_Glcd.c,30 :: 		
;__Lib_Glcd.c,31 :: 		
0x0028	0xDFF9      	RCALL       _Delay_10us
;__Lib_Glcd.c,32 :: 		
0x002A	0x8881      	BSF         GLCD_EN, BitPos(GLCD_EN+0) 
;__Lib_Glcd.c,33 :: 		
0x002C	0xDFF7      	RCALL       _Delay_10us
;__Lib_Glcd.c,34 :: 		
0x002E	0x9881      	BCF         GLCD_EN, BitPos(GLCD_EN+0) 
;__Lib_Glcd.c,35 :: 		
L_end_Strobe:
0x0030	0x0012      	RETURN      0
; end of __Lib_Glcd_Strobe
_Glcd_Set_Side:
;__Lib_Glcd.c,47 :: 		
;__Lib_Glcd.c,48 :: 		
0x0032	0x0E7F      	MOVLW       127
0x0034	0x0104      	MOVLB       4
0x0036	0x1506      	ANDWF       FARG_Glcd_Set_Side_x_pos, 0, 1
0x0038	0x6E01      	MOVWF       R1 
0x003A	0xF406C001  	MOVFF       R1, FARG_Glcd_Set_Side_x_pos
;__Lib_Glcd.c,49 :: 		
0x003E	0xAC01      	BTFSS       R1, 6 
0x0040	0xD003      	BRA         L_Glcd_Set_Side0
;__Lib_Glcd.c,50 :: 		
0x0042	0x8081      	BSF         GLCD_CS1, BitPos(GLCD_CS1+0) 
;__Lib_Glcd.c,51 :: 		
0x0044	0x9281      	BCF         GLCD_CS2, BitPos(GLCD_CS2+0) 
;__Lib_Glcd.c,52 :: 		
0x0046	0xD002      	BRA         L_Glcd_Set_Side1
L_Glcd_Set_Side0:
;__Lib_Glcd.c,53 :: 		
0x0048	0x9081      	BCF         GLCD_CS1, BitPos(GLCD_CS1+0) 
;__Lib_Glcd.c,54 :: 		
0x004A	0x8281      	BSF         GLCD_CS2, BitPos(GLCD_CS2+0) 
;__Lib_Glcd.c,55 :: 		
L_Glcd_Set_Side1:
;__Lib_Glcd.c,56 :: 		
L_end_Glcd_Set_Side:
0x004C	0x0012      	RETURN      0
; end of _Glcd_Set_Side
_Glcd_Set_X:
;__Lib_Glcd.c,59 :: 		
;__Lib_Glcd.c,61 :: 		
0x004E	0x0E7F      	MOVLW       127
0x0050	0x0104      	MOVLB       4
0x0052	0x1506      	ANDWF       FARG_Glcd_Set_X_x_pos, 0, 1
0x0054	0x6E00      	MOVWF       R0 
0x0056	0xF406C000  	MOVFF       R0, FARG_Glcd_Set_X_x_pos
;__Lib_Glcd.c,62 :: 		
0x005A	0x9481      	BCF         GLCD_RS, BitPos(GLCD_RS+0) 
;__Lib_Glcd.c,63 :: 		
0x005C	0x9681      	BCF         GLCD_RW, BitPos(GLCD_RW+0) 
;__Lib_Glcd.c,65 :: 		
0x005E	0x0EBF      	MOVLW       191
0x0060	0x1600      	ANDWF       R0, 1 
0x0062	0xF406C000  	MOVFF       R0, FARG_Glcd_Set_X_x_pos
;__Lib_Glcd.c,66 :: 		
0x0066	0x8C00      	BSF         R0, 6 
0x0068	0xF406C000  	MOVFF       R0, FARG_Glcd_Set_X_x_pos
;__Lib_Glcd.c,68 :: 		
0x006C	0xFF83C000  	MOVFF       R0, GLCD_DataPort
;__Lib_Glcd.c,69 :: 		
0x0070	0xDFDB      	RCALL       __Lib_Glcd_Strobe
;__Lib_Glcd.c,70 :: 		
L_end_Glcd_Set_X:
0x0072	0x0012      	RETURN      0
; end of _Glcd_Set_X
_Glcd_Write_Data:
;__Lib_Glcd.c,112 :: 		
;__Lib_Glcd.c,114 :: 		
0x0074	0x9881      	BCF         GLCD_EN, BitPos(GLCD_EN+0) 
;__Lib_Glcd.c,115 :: 		
0x0076	0x8481      	BSF         GLCD_RS, BitPos(GLCD_RS+0) 
;__Lib_Glcd.c,116 :: 		
0x0078	0x9681      	BCF         GLCD_RW, BitPos(GLCD_RW+0) 
;__Lib_Glcd.c,118 :: 		
0x007A	0xFF83C406  	MOVFF       FARG_Glcd_Write_Data_ddata, GLCD_DataPort
;__Lib_Glcd.c,119 :: 		
0x007E	0xDFD4      	RCALL       __Lib_Glcd_Strobe
;__Lib_Glcd.c,120 :: 		
L_end_Glcd_Write_Data:
0x0080	0x0012      	RETURN      0
; end of _Glcd_Write_Data
_Glcd_Set_Page:
;__Lib_Glcd.c,38 :: 		
;__Lib_Glcd.c,40 :: 		
0x0082	0x9481      	BCF         GLCD_RS, BitPos(GLCD_RS+0) 
;__Lib_Glcd.c,41 :: 		
0x0084	0x9681      	BCF         GLCD_RW, BitPos(GLCD_RW+0) 
;__Lib_Glcd.c,42 :: 		
0x0086	0x0EB8      	MOVLW       184
0x0088	0x0104      	MOVLB       4
0x008A	0x1106      	IORWF       FARG_Glcd_Set_Page_page, 0, 1
0x008C	0x6E83      	MOVWF       GLCD_DataPort 
;__Lib_Glcd.c,43 :: 		
0x008E	0xDFCC      	RCALL       __Lib_Glcd_Strobe
;__Lib_Glcd.c,44 :: 		
L_end_Glcd_Set_Page:
0x0090	0x0012      	RETURN      0
; end of _Glcd_Set_Page
_Glcd_Init:
;__Lib_Glcd.c,145 :: 		
;__Lib_Glcd.c,146 :: 		
0x0092	0x6A15      	CLRF        __Lib_Glcd_FontInitialized 
;__Lib_Glcd.c,147 :: 		
0x0094	0x6A16      	CLRF        __Lib_Glcd_ExternalFontSet 
0x0096	0x6A17      	CLRF        __Lib_Glcd_ExternalFontSet+1 
;__Lib_Glcd.c,149 :: 		
0x0098	0x9A93      	BCF         GLCD_RST_Direction, BitPos(GLCD_RST_Direction+0) 
;__Lib_Glcd.c,150 :: 		
0x009A	0x9893      	BCF         GLCD_EN_Direction, BitPos(GLCD_EN_Direction+0) 
;__Lib_Glcd.c,151 :: 		
0x009C	0x9493      	BCF         GLCD_RS_Direction, BitPos(GLCD_RS_Direction+0) 
;__Lib_Glcd.c,152 :: 		
0x009E	0x9693      	BCF         GLCD_RW_Direction, BitPos(GLCD_RW_Direction+0) 
;__Lib_Glcd.c,153 :: 		
0x00A0	0x9093      	BCF         GLCD_CS1_Direction, BitPos(GLCD_CS1_Direction+0) 
;__Lib_Glcd.c,154 :: 		
0x00A2	0x9293      	BCF         GLCD_CS2_Direction, BitPos(GLCD_CS2_Direction+0) 
;__Lib_Glcd.c,156 :: 		
0x00A4	0x9A81      	BCF         GLCD_RST, BitPos(GLCD_RST+0) 
;__Lib_Glcd.c,161 :: 		
0x00A6	0x6A95      	CLRF        GLCD_DataPort+18 
;__Lib_Glcd.c,171 :: 		
0x00A8	0x9481      	BCF         GLCD_RS, BitPos(GLCD_RS+0) 
;__Lib_Glcd.c,172 :: 		
0x00AA	0x9681      	BCF         GLCD_RW, BitPos(GLCD_RW+0) 
;__Lib_Glcd.c,174 :: 		
0x00AC	0x9081      	BCF         GLCD_CS1, BitPos(GLCD_CS1+0) 
;__Lib_Glcd.c,175 :: 		
0x00AE	0x8281      	BSF         GLCD_CS2, BitPos(GLCD_CS2+0) 
;__Lib_Glcd.c,177 :: 		
0x00B0	0x8A81      	BSF         GLCD_RST, BitPos(GLCD_RST+0) 
;__Lib_Glcd.c,184 :: 		
0x00B2	0x0E3F      	MOVLW       63
0x00B4	0x6E83      	MOVWF       GLCD_DataPort 
;__Lib_Glcd.c,185 :: 		
0x00B6	0xDFB8      	RCALL       __Lib_Glcd_Strobe
;__Lib_Glcd.c,187 :: 		
0x00B8	0x0EC0      	MOVLW       192
0x00BA	0x6E83      	MOVWF       GLCD_DataPort 
;__Lib_Glcd.c,188 :: 		
0x00BC	0xDFB5      	RCALL       __Lib_Glcd_Strobe
;__Lib_Glcd.c,190 :: 		
0x00BE	0x8081      	BSF         GLCD_CS1, BitPos(GLCD_CS1+0) 
;__Lib_Glcd.c,191 :: 		
0x00C0	0x9281      	BCF         GLCD_CS2, BitPos(GLCD_CS2+0) 
;__Lib_Glcd.c,193 :: 		
0x00C2	0x0E3F      	MOVLW       63
0x00C4	0x6E83      	MOVWF       GLCD_DataPort 
;__Lib_Glcd.c,194 :: 		
0x00C6	0xDFB0      	RCALL       __Lib_Glcd_Strobe
;__Lib_Glcd.c,196 :: 		
0x00C8	0x0EC0      	MOVLW       192
0x00CA	0x6E83      	MOVWF       GLCD_DataPort 
;__Lib_Glcd.c,197 :: 		
0x00CC	0xDFAD      	RCALL       __Lib_Glcd_Strobe
;__Lib_Glcd.c,199 :: 		
L_end_Glcd_Init:
0x00CE	0x0012      	RETURN      0
; end of _Glcd_Init
_Glcd_Image:
;__Lib_Glcd.c,594 :: 		
;__Lib_Glcd.c,598 :: 		
0x00D0	0x0104      	MOVLB       4
0x00D2	0x6B00      	CLRF        Glcd_Image_pg_L0, 1
0x00D4	0x6B04      	CLRF        Glcd_Image_clan_niza_L0, 1
0x00D6	0x6B05      	CLRF        Glcd_Image_clan_niza_L0+1, 1
;__Lib_Glcd.c,600 :: 		
L_Glcd_Image100:
0x00D8	0x5100      	MOVF        Glcd_Image_pg_L0, 0, 1
0x00DA	0x0807      	SUBLW       7
0x00DC	0xE345      	BNC         L_Glcd_Image101
;__Lib_Glcd.c,601 :: 		
0x00DE	0x6B06      	CLRF        FARG_Glcd_Set_Side_x_pos, 1
0x00E0	0xDFA8      	RCALL       _Glcd_Set_Side
;__Lib_Glcd.c,602 :: 		
0x00E2	0xF406C400  	MOVFF       Glcd_Image_pg_L0, FARG_Glcd_Set_Page_page
0x00E6	0xDFCD      	RCALL       _Glcd_Set_Page
;__Lib_Glcd.c,603 :: 		
0x00E8	0x6B06      	CLRF        FARG_Glcd_Set_X_x_pos, 1
0x00EA	0xDFB1      	RCALL       _Glcd_Set_X
;__Lib_Glcd.c,604 :: 		
0x00EC	0x0103      	MOVLB       3
0x00EE	0x6BFF      	CLRF        Glcd_Image_col_L0, 1
L_Glcd_Image102:
0x00F0	0x51FF      	MOVF        Glcd_Image_col_L0, 0, 1
0x00F2	0x083F      	SUBLW       63
0x00F4	0xE313      	BNC         L_Glcd_Image103
;__Lib_Glcd.c,605 :: 		
0x00F6	0x0104      	MOVLB       4
0x00F8	0x5104      	MOVF        Glcd_Image_clan_niza_L0, 0, 1
0x00FA	0x2501      	ADDWF       FARG_Glcd_Image_image, 0, 1
0x00FC	0x6EF6      	MOVWF       4086 
0x00FE	0x5105      	MOVF        Glcd_Image_clan_niza_L0+1, 0, 1
0x0100	0x2102      	ADDWFC      FARG_Glcd_Image_image+1, 0, 1
0x0102	0x6EF7      	MOVWF       TBLPTRH 
0x0104	0x0E00      	MOVLW       0
0x0106	0x2103      	ADDWFC      FARG_Glcd_Image_image+2, 0, 1
0x0108	0x6EF8      	MOVWF       TBLPTRU 
0x010A	0x0009      	TBLRD*+
0x010C	0xF406CFF5  	MOVFF       TABLAT, FARG_Glcd_Write_Data_ddata
0x0110	0xDFB1      	RCALL       _Glcd_Write_Data
0x0112	0x4B04      	INFSNZ      Glcd_Image_clan_niza_L0, 1, 1
0x0114	0x2B05      	INCF        Glcd_Image_clan_niza_L0+1, 1, 1
;__Lib_Glcd.c,604 :: 		
0x0116	0x0103      	MOVLB       3
0x0118	0x2BFF      	INCF        Glcd_Image_col_L0, 1, 1
;__Lib_Glcd.c,606 :: 		
0x011A	0xD7EA      	BRA         L_Glcd_Image102
L_Glcd_Image103:
;__Lib_Glcd.c,608 :: 		
0x011C	0x0E40      	MOVLW       64
0x011E	0x0104      	MOVLB       4
0x0120	0x6F06      	MOVWF       FARG_Glcd_Set_Side_x_pos, 1
0x0122	0xDF87      	RCALL       _Glcd_Set_Side
;__Lib_Glcd.c,609 :: 		
0x0124	0xF406C400  	MOVFF       Glcd_Image_pg_L0, FARG_Glcd_Set_Page_page
0x0128	0xDFAC      	RCALL       _Glcd_Set_Page
;__Lib_Glcd.c,610 :: 		
0x012A	0x0E40      	MOVLW       64
0x012C	0x6F06      	MOVWF       FARG_Glcd_Set_X_x_pos, 1
0x012E	0xDF8F      	RCALL       _Glcd_Set_X
;__Lib_Glcd.c,611 :: 		
0x0130	0x0E40      	MOVLW       64
0x0132	0x0103      	MOVLB       3
0x0134	0x6FFF      	MOVWF       Glcd_Image_col_L0, 1
L_Glcd_Image105:
0x0136	0x51FF      	MOVF        Glcd_Image_col_L0, 0, 1
0x0138	0x087F      	SUBLW       127
0x013A	0xE313      	BNC         L_Glcd_Image106
;__Lib_Glcd.c,612 :: 		
0x013C	0x0104      	MOVLB       4
0x013E	0x5104      	MOVF        Glcd_Image_clan_niza_L0, 0, 1
0x0140	0x2501      	ADDWF       FARG_Glcd_Image_image, 0, 1
0x0142	0x6EF6      	MOVWF       4086 
0x0144	0x5105      	MOVF        Glcd_Image_clan_niza_L0+1, 0, 1
0x0146	0x2102      	ADDWFC      FARG_Glcd_Image_image+1, 0, 1
0x0148	0x6EF7      	MOVWF       TBLPTRH 
0x014A	0x0E00      	MOVLW       0
0x014C	0x2103      	ADDWFC      FARG_Glcd_Image_image+2, 0, 1
0x014E	0x6EF8      	MOVWF       TBLPTRU 
0x0150	0x0009      	TBLRD*+
0x0152	0xF406CFF5  	MOVFF       TABLAT, FARG_Glcd_Write_Data_ddata
0x0156	0xDF8E      	RCALL       _Glcd_Write_Data
0x0158	0x4B04      	INFSNZ      Glcd_Image_clan_niza_L0, 1, 1
0x015A	0x2B05      	INCF        Glcd_Image_clan_niza_L0+1, 1, 1
;__Lib_Glcd.c,611 :: 		
0x015C	0x0103      	MOVLB       3
0x015E	0x2BFF      	INCF        Glcd_Image_col_L0, 1, 1
;__Lib_Glcd.c,613 :: 		
0x0160	0xD7EA      	BRA         L_Glcd_Image105
L_Glcd_Image106:
;__Lib_Glcd.c,615 :: 		
0x0162	0x0104      	MOVLB       4
0x0164	0x2B00      	INCF        Glcd_Image_pg_L0, 1, 1
;__Lib_Glcd.c,616 :: 		
0x0166	0xD7B8      	BRA         L_Glcd_Image100
L_Glcd_Image101:
;__Lib_Glcd.c,617 :: 		
L_end_Glcd_Image:
0x0168	0x0012      	RETURN      0
; end of _Glcd_Image
_print_logo_ISIMA:
;glcd.c,8 :: 		void print_logo_ISIMA()
;glcd.c,26 :: 		Glcd_Init();
0x016A	0xDF93      	RCALL       _Glcd_Init
;glcd.c,29 :: 		Glcd_Image(isima64);
0x016C	0x0E94      	MOVLW       print_logo_ISIMA_isima64_L0
0x016E	0x0104      	MOVLB       4
0x0170	0x6F01      	MOVWF       FARG_Glcd_Image_image, 1
0x0172	0x0E01      	MOVLW       hi_addr(print_logo_ISIMA_isima64_L0)
0x0174	0x6F02      	MOVWF       FARG_Glcd_Image_image+1, 1
0x0176	0x0E00      	MOVLW       higher_addr(print_logo_ISIMA_isima64_L0)
0x0178	0x6F03      	MOVWF       FARG_Glcd_Image_image+2, 1
0x017A	0xDFAA      	RCALL       _Glcd_Image
;glcd.c,30 :: 		}
L_end_print_logo_ISIMA:
0x017C	0x0012      	RETURN      0
; end of _print_logo_ISIMA
___CC2DW:
;__Lib_System.c,21 :: 		
;__Lib_System.c,23 :: 		
_CC2DL_Loop1:
;__Lib_System.c,24 :: 		
0x017E	0x0009      	TBLRD*+
;__Lib_System.c,25 :: 		
0x0180	0xFFE6CFF5  	MOVFF       TABLAT, POSTINC1
;__Lib_System.c,26 :: 		
0x0184	0x0600      	DECF        R0, 1, 0
;__Lib_System.c,27 :: 		
0x0186	0xE1FB      	BNZ         _CC2DL_Loop1
;__Lib_System.c,28 :: 		
0x0188	0x0601      	DECF        R1, 1, 0
;__Lib_System.c,29 :: 		
0x018A	0xE1F9      	BNZ         _CC2DL_Loop1
;__Lib_System.c,31 :: 		
L_end___CC2DW:
0x018C	0x0012      	RETURN      0
; end of ___CC2DW
_main:
;Jeux_lumiere.c,34 :: 		void main()
;Jeux_lumiere.c,37 :: 		print_logo_ISIMA();
0x018E	0xDFED      	RCALL       _print_logo_ISIMA
;Jeux_lumiere.c,40 :: 		while(1)
L_main0:
;Jeux_lumiere.c,43 :: 		}
0x0190	0xD7FF      	BRA         L_main0
;Jeux_lumiere.c,44 :: 		}
L_end_main:
0x0192	0xD7FF      	BRA         $+0
; end of _main
;glcd.c,14 :: print_logo_ISIMA_isima64_L0
0x0194	0x0000 ;print_logo_ISIMA_isima64_L0+0
0x0196	0x0000 ;print_logo_ISIMA_isima64_L0+2
0x0198	0x0000 ;print_logo_ISIMA_isima64_L0+4
0x019A	0x0000 ;print_logo_ISIMA_isima64_L0+6
0x019C	0x0000 ;print_logo_ISIMA_isima64_L0+8
0x019E	0x0000 ;print_logo_ISIMA_isima64_L0+10
0x01A0	0x0000 ;print_logo_ISIMA_isima64_L0+12
0x01A2	0x0000 ;print_logo_ISIMA_isima64_L0+14
0x01A4	0x0000 ;print_logo_ISIMA_isima64_L0+16
0x01A6	0x0000 ;print_logo_ISIMA_isima64_L0+18
0x01A8	0x0000 ;print_logo_ISIMA_isima64_L0+20
0x01AA	0x0000 ;print_logo_ISIMA_isima64_L0+22
0x01AC	0x0000 ;print_logo_ISIMA_isima64_L0+24
0x01AE	0x0000 ;print_logo_ISIMA_isima64_L0+26
0x01B0	0x0000 ;print_logo_ISIMA_isima64_L0+28
0x01B2	0x0000 ;print_logo_ISIMA_isima64_L0+30
0x01B4	0x0000 ;print_logo_ISIMA_isima64_L0+32
0x01B6	0x0000 ;print_logo_ISIMA_isima64_L0+34
0x01B8	0x0000 ;print_logo_ISIMA_isima64_L0+36
0x01BA	0x0000 ;print_logo_ISIMA_isima64_L0+38
0x01BC	0x0000 ;print_logo_ISIMA_isima64_L0+40
0x01BE	0x0000 ;print_logo_ISIMA_isima64_L0+42
0x01C0	0x0000 ;print_logo_ISIMA_isima64_L0+44
0x01C2	0x0000 ;print_logo_ISIMA_isima64_L0+46
0x01C4	0x0000 ;print_logo_ISIMA_isima64_L0+48
0x01C6	0x0000 ;print_logo_ISIMA_isima64_L0+50
0x01C8	0x0000 ;print_logo_ISIMA_isima64_L0+52
0x01CA	0x0000 ;print_logo_ISIMA_isima64_L0+54
0x01CC	0x0000 ;print_logo_ISIMA_isima64_L0+56
0x01CE	0x0000 ;print_logo_ISIMA_isima64_L0+58
0x01D0	0x0000 ;print_logo_ISIMA_isima64_L0+60
0x01D2	0x0000 ;print_logo_ISIMA_isima64_L0+62
0x01D4	0x0000 ;print_logo_ISIMA_isima64_L0+64
0x01D6	0x0000 ;print_logo_ISIMA_isima64_L0+66
0x01D8	0x0000 ;print_logo_ISIMA_isima64_L0+68
0x01DA	0x0000 ;print_logo_ISIMA_isima64_L0+70
0x01DC	0x0000 ;print_logo_ISIMA_isima64_L0+72
0x01DE	0x0000 ;print_logo_ISIMA_isima64_L0+74
0x01E0	0x0000 ;print_logo_ISIMA_isima64_L0+76
0x01E2	0x0000 ;print_logo_ISIMA_isima64_L0+78
0x01E4	0x0000 ;print_logo_ISIMA_isima64_L0+80
0x01E6	0x0000 ;print_logo_ISIMA_isima64_L0+82
0x01E8	0x0000 ;print_logo_ISIMA_isima64_L0+84
0x01EA	0x0000 ;print_logo_ISIMA_isima64_L0+86
0x01EC	0x0000 ;print_logo_ISIMA_isima64_L0+88
0x01EE	0x0000 ;print_logo_ISIMA_isima64_L0+90
0x01F0	0x0000 ;print_logo_ISIMA_isima64_L0+92
0x01F2	0x0000 ;print_logo_ISIMA_isima64_L0+94
0x01F4	0x0000 ;print_logo_ISIMA_isima64_L0+96
0x01F6	0x0000 ;print_logo_ISIMA_isima64_L0+98
0x01F8	0x0000 ;print_logo_ISIMA_isima64_L0+100
0x01FA	0x0000 ;print_logo_ISIMA_isima64_L0+102
0x01FC	0x0000 ;print_logo_ISIMA_isima64_L0+104
0x01FE	0x0000 ;print_logo_ISIMA_isima64_L0+106
0x0200	0x0000 ;print_logo_ISIMA_isima64_L0+108
0x0202	0x0000 ;print_logo_ISIMA_isima64_L0+110
0x0204	0x0000 ;print_logo_ISIMA_isima64_L0+112
0x0206	0x0000 ;print_logo_ISIMA_isima64_L0+114
0x0208	0x0000 ;print_logo_ISIMA_isima64_L0+116
0x020A	0x0000 ;print_logo_ISIMA_isima64_L0+118
0x020C	0x0000 ;print_logo_ISIMA_isima64_L0+120
0x020E	0x0000 ;print_logo_ISIMA_isima64_L0+122
0x0210	0x0000 ;print_logo_ISIMA_isima64_L0+124
0x0212	0x0000 ;print_logo_ISIMA_isima64_L0+126
0x0214	0x0000 ;print_logo_ISIMA_isima64_L0+128
0x0216	0x0000 ;print_logo_ISIMA_isima64_L0+130
0x0218	0x0000 ;print_logo_ISIMA_isima64_L0+132
0x021A	0x0000 ;print_logo_ISIMA_isima64_L0+134
0x021C	0x0000 ;print_logo_ISIMA_isima64_L0+136
0x021E	0x0000 ;print_logo_ISIMA_isima64_L0+138
0x0220	0x0000 ;print_logo_ISIMA_isima64_L0+140
0x0222	0x0000 ;print_logo_ISIMA_isima64_L0+142
0x0224	0x0000 ;print_logo_ISIMA_isima64_L0+144
0x0226	0x0000 ;print_logo_ISIMA_isima64_L0+146
0x0228	0x0000 ;print_logo_ISIMA_isima64_L0+148
0x022A	0x0000 ;print_logo_ISIMA_isima64_L0+150
0x022C	0x0000 ;print_logo_ISIMA_isima64_L0+152
0x022E	0x0000 ;print_logo_ISIMA_isima64_L0+154
0x0230	0x0000 ;print_logo_ISIMA_isima64_L0+156
0x0232	0x0000 ;print_logo_ISIMA_isima64_L0+158
0x0234	0x0000 ;print_logo_ISIMA_isima64_L0+160
0x0236	0x0000 ;print_logo_ISIMA_isima64_L0+162
0x0238	0x0000 ;print_logo_ISIMA_isima64_L0+164
0x023A	0x0000 ;print_logo_ISIMA_isima64_L0+166
0x023C	0x0000 ;print_logo_ISIMA_isima64_L0+168
0x023E	0x0000 ;print_logo_ISIMA_isima64_L0+170
0x0240	0x0000 ;print_logo_ISIMA_isima64_L0+172
0x0242	0x0000 ;print_logo_ISIMA_isima64_L0+174
0x0244	0x0000 ;print_logo_ISIMA_isima64_L0+176
0x0246	0x0000 ;print_logo_ISIMA_isima64_L0+178
0x0248	0x0000 ;print_logo_ISIMA_isima64_L0+180
0x024A	0x0000 ;print_logo_ISIMA_isima64_L0+182
0x024C	0x0000 ;print_logo_ISIMA_isima64_L0+184
0x024E	0x0000 ;print_logo_ISIMA_isima64_L0+186
0x0250	0x0000 ;print_logo_ISIMA_isima64_L0+188
0x0252	0x0000 ;print_logo_ISIMA_isima64_L0+190
0x0254	0x0000 ;print_logo_ISIMA_isima64_L0+192
0x0256	0x0000 ;print_logo_ISIMA_isima64_L0+194
0x0258	0x0000 ;print_logo_ISIMA_isima64_L0+196
0x025A	0x0000 ;print_logo_ISIMA_isima64_L0+198
0x025C	0x0000 ;print_logo_ISIMA_isima64_L0+200
0x025E	0x0000 ;print_logo_ISIMA_isima64_L0+202
0x0260	0x0000 ;print_logo_ISIMA_isima64_L0+204
0x0262	0x0000 ;print_logo_ISIMA_isima64_L0+206
0x0264	0x0000 ;print_logo_ISIMA_isima64_L0+208
0x0266	0x0000 ;print_logo_ISIMA_isima64_L0+210
0x0268	0x0000 ;print_logo_ISIMA_isima64_L0+212
0x026A	0x0000 ;print_logo_ISIMA_isima64_L0+214
0x026C	0x0000 ;print_logo_ISIMA_isima64_L0+216
0x026E	0x0000 ;print_logo_ISIMA_isima64_L0+218
0x0270	0x0000 ;print_logo_ISIMA_isima64_L0+220
0x0272	0x0000 ;print_logo_ISIMA_isima64_L0+222
0x0274	0x0000 ;print_logo_ISIMA_isima64_L0+224
0x0276	0x0000 ;print_logo_ISIMA_isima64_L0+226
0x0278	0x0000 ;print_logo_ISIMA_isima64_L0+228
0x027A	0x0000 ;print_logo_ISIMA_isima64_L0+230
0x027C	0x0000 ;print_logo_ISIMA_isima64_L0+232
0x027E	0x0000 ;print_logo_ISIMA_isima64_L0+234
0x0280	0x0000 ;print_logo_ISIMA_isima64_L0+236
0x0282	0x0000 ;print_logo_ISIMA_isima64_L0+238
0x0284	0x0000 ;print_logo_ISIMA_isima64_L0+240
0x0286	0x0000 ;print_logo_ISIMA_isima64_L0+242
0x0288	0x0000 ;print_logo_ISIMA_isima64_L0+244
0x028A	0x0000 ;print_logo_ISIMA_isima64_L0+246
0x028C	0x0000 ;print_logo_ISIMA_isima64_L0+248
0x028E	0x0000 ;print_logo_ISIMA_isima64_L0+250
0x0290	0x0000 ;print_logo_ISIMA_isima64_L0+252
0x0292	0x0000 ;print_logo_ISIMA_isima64_L0+254
0x0294	0xFFFF ;print_logo_ISIMA_isima64_L0+256
0x0296	0xFFFF ;print_logo_ISIMA_isima64_L0+258
0x0298	0xFFFF ;print_logo_ISIMA_isima64_L0+260
0x029A	0xFFFF ;print_logo_ISIMA_isima64_L0+262
0x029C	0xFFFF ;print_logo_ISIMA_isima64_L0+264
0x029E	0x00FF ;print_logo_ISIMA_isima64_L0+266
0x02A0	0x0000 ;print_logo_ISIMA_isima64_L0+268
0x02A2	0xC000 ;print_logo_ISIMA_isima64_L0+270
0x02A4	0xF0E0 ;print_logo_ISIMA_isima64_L0+272
0x02A6	0xFCF8 ;print_logo_ISIMA_isima64_L0+274
0x02A8	0xFEFC ;print_logo_ISIMA_isima64_L0+276
0x02AA	0xFEFE ;print_logo_ISIMA_isima64_L0+278
0x02AC	0xFFFF ;print_logo_ISIMA_isima64_L0+280
0x02AE	0xFFFF ;print_logo_ISIMA_isima64_L0+282
0x02B0	0xFFFF ;print_logo_ISIMA_isima64_L0+284
0x02B2	0xFFFF ;print_logo_ISIMA_isima64_L0+286
0x02B4	0xFEFE ;print_logo_ISIMA_isima64_L0+288
0x02B6	0x7CFE ;print_logo_ISIMA_isima64_L0+290
0x02B8	0x001C ;print_logo_ISIMA_isima64_L0+292
0x02BA	0x0000 ;print_logo_ISIMA_isima64_L0+294
0x02BC	0xFFFF ;print_logo_ISIMA_isima64_L0+296
0x02BE	0xFFFF ;print_logo_ISIMA_isima64_L0+298
0x02C0	0xFFFF ;print_logo_ISIMA_isima64_L0+300
0x02C2	0xFFFF ;print_logo_ISIMA_isima64_L0+302
0x02C4	0xFFFF ;print_logo_ISIMA_isima64_L0+304
0x02C6	0x00FF ;print_logo_ISIMA_isima64_L0+306
0x02C8	0x0000 ;print_logo_ISIMA_isima64_L0+308
0x02CA	0x0000 ;print_logo_ISIMA_isima64_L0+310
0x02CC	0xFF80 ;print_logo_ISIMA_isima64_L0+312
0x02CE	0xFFFF ;print_logo_ISIMA_isima64_L0+314
0x02D0	0xFFFF ;print_logo_ISIMA_isima64_L0+316
0x02D2	0xFFFF ;print_logo_ISIMA_isima64_L0+318
0x02D4	0xFFFF ;print_logo_ISIMA_isima64_L0+320
0x02D6	0xFFFF ;print_logo_ISIMA_isima64_L0+322
0x02D8	0xFCFF ;print_logo_ISIMA_isima64_L0+324
0x02DA	0x00C0 ;print_logo_ISIMA_isima64_L0+326
0x02DC	0x0000 ;print_logo_ISIMA_isima64_L0+328
0x02DE	0x0000 ;print_logo_ISIMA_isima64_L0+330
0x02E0	0xFCE0 ;print_logo_ISIMA_isima64_L0+332
0x02E2	0xFFFF ;print_logo_ISIMA_isima64_L0+334
0x02E4	0xFFFF ;print_logo_ISIMA_isima64_L0+336
0x02E6	0xFFFF ;print_logo_ISIMA_isima64_L0+338
0x02E8	0xFFFF ;print_logo_ISIMA_isima64_L0+340
0x02EA	0xFFFF ;print_logo_ISIMA_isima64_L0+342
0x02EC	0xFFFF ;print_logo_ISIMA_isima64_L0+344
0x02EE	0x0000 ;print_logo_ISIMA_isima64_L0+346
0x02F0	0x0000 ;print_logo_ISIMA_isima64_L0+348
0x02F2	0x0000 ;print_logo_ISIMA_isima64_L0+350
0x02F4	0x0000 ;print_logo_ISIMA_isima64_L0+352
0x02F6	0x0000 ;print_logo_ISIMA_isima64_L0+354
0x02F8	0x0000 ;print_logo_ISIMA_isima64_L0+356
0x02FA	0xE000 ;print_logo_ISIMA_isima64_L0+358
0x02FC	0xFEFC ;print_logo_ISIMA_isima64_L0+360
0x02FE	0xFFFF ;print_logo_ISIMA_isima64_L0+362
0x0300	0xFFFF ;print_logo_ISIMA_isima64_L0+364
0x0302	0xFFFF ;print_logo_ISIMA_isima64_L0+366
0x0304	0xFFFF ;print_logo_ISIMA_isima64_L0+368
0x0306	0xFFFF ;print_logo_ISIMA_isima64_L0+370
0x0308	0xFEFF ;print_logo_ISIMA_isima64_L0+372
0x030A	0xC0F8 ;print_logo_ISIMA_isima64_L0+374
0x030C	0x0000 ;print_logo_ISIMA_isima64_L0+376
0x030E	0x0000 ;print_logo_ISIMA_isima64_L0+378
0x0310	0x0000 ;print_logo_ISIMA_isima64_L0+380
0x0312	0x0000 ;print_logo_ISIMA_isima64_L0+382
0x0314	0xFFFF ;print_logo_ISIMA_isima64_L0+384
0x0316	0xFFFF ;print_logo_ISIMA_isima64_L0+386
0x0318	0xFFFF ;print_logo_ISIMA_isima64_L0+388
0x031A	0xFFFF ;print_logo_ISIMA_isima64_L0+390
0x031C	0xFFFF ;print_logo_ISIMA_isima64_L0+392
0x031E	0x00FF ;print_logo_ISIMA_isima64_L0+394
0x0320	0x0000 ;print_logo_ISIMA_isima64_L0+396
0x0322	0xFF7F ;print_logo_ISIMA_isima64_L0+398
0x0324	0xFFFF ;print_logo_ISIMA_isima64_L0+400
0x0326	0xFFFF ;print_logo_ISIMA_isima64_L0+402
0x0328	0xFFFF ;print_logo_ISIMA_isima64_L0+404
0x032A	0xFFFF ;print_logo_ISIMA_isima64_L0+406
0x032C	0xF9FF ;print_logo_ISIMA_isima64_L0+408
0x032E	0xF0F8 ;print_logo_ISIMA_isima64_L0+410
0x0330	0xF0F0 ;print_logo_ISIMA_isima64_L0+412
0x0332	0xE1F1 ;print_logo_ISIMA_isima64_L0+414
0x0334	0xE3E3 ;print_logo_ISIMA_isima64_L0+416
0x0336	0x80C3 ;print_logo_ISIMA_isima64_L0+418
0x0338	0x0000 ;print_logo_ISIMA_isima64_L0+420
0x033A	0x0000 ;print_logo_ISIMA_isima64_L0+422
0x033C	0xFFFF ;print_logo_ISIMA_isima64_L0+424
0x033E	0xFFFF ;print_logo_ISIMA_isima64_L0+426
0x0340	0xFFFF ;print_logo_ISIMA_isima64_L0+428
0x0342	0xFFFF ;print_logo_ISIMA_isima64_L0+430
0x0344	0xFFFF ;print_logo_ISIMA_isima64_L0+432
0x0346	0x00FF ;print_logo_ISIMA_isima64_L0+434
0x0348	0x0000 ;print_logo_ISIMA_isima64_L0+436
0x034A	0xF000 ;print_logo_ISIMA_isima64_L0+438
0x034C	0xFFFF ;print_logo_ISIMA_isima64_L0+440
0x034E	0xFFFF ;print_logo_ISIMA_isima64_L0+442
0x0350	0xFFFF ;print_logo_ISIMA_isima64_L0+444
0x0352	0xFFFF ;print_logo_ISIMA_isima64_L0+446
0x0354	0xFFFF ;print_logo_ISIMA_isima64_L0+448
0x0356	0xFFFF ;print_logo_ISIMA_isima64_L0+450
0x0358	0xFFFF ;print_logo_ISIMA_isima64_L0+452
0x035A	0xFCFF ;print_logo_ISIMA_isima64_L0+454
0x035C	0x00C0 ;print_logo_ISIMA_isima64_L0+456
0x035E	0xFFF0 ;print_logo_ISIMA_isima64_L0+458
0x0360	0xFFFF ;print_logo_ISIMA_isima64_L0+460
0x0362	0xFFFF ;print_logo_ISIMA_isima64_L0+462
0x0364	0xFFFF ;print_logo_ISIMA_isima64_L0+464
0x0366	0xFFFF ;print_logo_ISIMA_isima64_L0+466
0x0368	0xFFFF ;print_logo_ISIMA_isima64_L0+468
0x036A	0xFFFF ;print_logo_ISIMA_isima64_L0+470
0x036C	0xFFFF ;print_logo_ISIMA_isima64_L0+472
0x036E	0xC0FF ;print_logo_ISIMA_isima64_L0+474
0x0370	0x0000 ;print_logo_ISIMA_isima64_L0+476
0x0372	0x0000 ;print_logo_ISIMA_isima64_L0+478
0x0374	0x0000 ;print_logo_ISIMA_isima64_L0+480
0x0376	0x0000 ;print_logo_ISIMA_isima64_L0+482
0x0378	0xF8E0 ;print_logo_ISIMA_isima64_L0+484
0x037A	0xFFFF ;print_logo_ISIMA_isima64_L0+486
0x037C	0xFFFF ;print_logo_ISIMA_isima64_L0+488
0x037E	0xFFFF ;print_logo_ISIMA_isima64_L0+490
0x0380	0xFFFF ;print_logo_ISIMA_isima64_L0+492
0x0382	0xFFFF ;print_logo_ISIMA_isima64_L0+494
0x0384	0xFFFF ;print_logo_ISIMA_isima64_L0+496
0x0386	0xFFFF ;print_logo_ISIMA_isima64_L0+498
0x0388	0xFFFF ;print_logo_ISIMA_isima64_L0+500
0x038A	0xFFFF ;print_logo_ISIMA_isima64_L0+502
0x038C	0xF0FE ;print_logo_ISIMA_isima64_L0+504
0x038E	0x0080 ;print_logo_ISIMA_isima64_L0+506
0x0390	0x0000 ;print_logo_ISIMA_isima64_L0+508
0x0392	0x0000 ;print_logo_ISIMA_isima64_L0+510
0x0394	0xFFFF ;print_logo_ISIMA_isima64_L0+512
0x0396	0xFFFF ;print_logo_ISIMA_isima64_L0+514
0x0398	0xFFFF ;print_logo_ISIMA_isima64_L0+516
0x039A	0xFFFF ;print_logo_ISIMA_isima64_L0+518
0x039C	0xFFFF ;print_logo_ISIMA_isima64_L0+520
0x039E	0x00FF ;print_logo_ISIMA_isima64_L0+522
0x03A0	0x0000 ;print_logo_ISIMA_isima64_L0+524
0x03A2	0x8000 ;print_logo_ISIMA_isima64_L0+526
0x03A4	0xE3E1 ;print_logo_ISIMA_isima64_L0+528
0x03A6	0x87C7 ;print_logo_ISIMA_isima64_L0+530
0x03A8	0x8F87 ;print_logo_ISIMA_isima64_L0+532
0x03AA	0x0F0F ;print_logo_ISIMA_isima64_L0+534
0x03AC	0x0F0F ;print_logo_ISIMA_isima64_L0+536
0x03AE	0xFF9F ;print_logo_ISIMA_isima64_L0+538
0x03B0	0xFFFF ;print_logo_ISIMA_isima64_L0+540
0x03B2	0xFFFF ;print_logo_ISIMA_isima64_L0+542
0x03B4	0xFFFF ;print_logo_ISIMA_isima64_L0+544
0x03B6	0xFFFF ;print_logo_ISIMA_isima64_L0+546
0x03B8	0xFEFF ;print_logo_ISIMA_isima64_L0+548
0x03BA	0x0000 ;print_logo_ISIMA_isima64_L0+550
0x03BC	0xFFFF ;print_logo_ISIMA_isima64_L0+552
0x03BE	0xFFFF ;print_logo_ISIMA_isima64_L0+554
0x03C0	0xFFFF ;print_logo_ISIMA_isima64_L0+556
0x03C2	0xFFFF ;print_logo_ISIMA_isima64_L0+558
0x03C4	0xFFFF ;print_logo_ISIMA_isima64_L0+560
0x03C6	0x00FF ;print_logo_ISIMA_isima64_L0+562
0x03C8	0x0000 ;print_logo_ISIMA_isima64_L0+564
0x03CA	0xFFFC ;print_logo_ISIMA_isima64_L0+566
0x03CC	0xFFFF ;print_logo_ISIMA_isima64_L0+568
0x03CE	0xFFFF ;print_logo_ISIMA_isima64_L0+570
0x03D0	0xFFFF ;print_logo_ISIMA_isima64_L0+572
0x03D2	0xFFFF ;print_logo_ISIMA_isima64_L0+574
0x03D4	0x0107 ;print_logo_ISIMA_isima64_L0+576
0x03D6	0x7F0F ;print_logo_ISIMA_isima64_L0+578
0x03D8	0xFFFF ;print_logo_ISIMA_isima64_L0+580
0x03DA	0xFFFF ;print_logo_ISIMA_isima64_L0+582
0x03DC	0xFFFF ;print_logo_ISIMA_isima64_L0+584
0x03DE	0xFFFF ;print_logo_ISIMA_isima64_L0+586
0x03E0	0xFFFF ;print_logo_ISIMA_isima64_L0+588
0x03E2	0x3FFF ;print_logo_ISIMA_isima64_L0+590
0x03E4	0x0007 ;print_logo_ISIMA_isima64_L0+592
0x03E6	0xFF0F ;print_logo_ISIMA_isima64_L0+594
0x03E8	0xFFFF ;print_logo_ISIMA_isima64_L0+596
0x03EA	0xFFFF ;print_logo_ISIMA_isima64_L0+598
0x03EC	0xFFFF ;print_logo_ISIMA_isima64_L0+600
0x03EE	0xFFFF ;print_logo_ISIMA_isima64_L0+602
0x03F0	0x00F0 ;print_logo_ISIMA_isima64_L0+604
0x03F2	0x0000 ;print_logo_ISIMA_isima64_L0+606
0x03F4	0xC000 ;print_logo_ISIMA_isima64_L0+608
0x03F6	0xFEF0 ;print_logo_ISIMA_isima64_L0+610
0x03F8	0xFFFF ;print_logo_ISIMA_isima64_L0+612
0x03FA	0xFFFF ;print_logo_ISIMA_isima64_L0+614
0x03FC	0xFFFF ;print_logo_ISIMA_isima64_L0+616
0x03FE	0xFFFF ;print_logo_ISIMA_isima64_L0+618
0x0400	0x073F ;print_logo_ISIMA_isima64_L0+620
0x0402	0x0101 ;print_logo_ISIMA_isima64_L0+622
0x0404	0x0301 ;print_logo_ISIMA_isima64_L0+624
0x0406	0xFF3F ;print_logo_ISIMA_isima64_L0+626
0x0408	0xFFFF ;print_logo_ISIMA_isima64_L0+628
0x040A	0xFFFF ;print_logo_ISIMA_isima64_L0+630
0x040C	0xFFFF ;print_logo_ISIMA_isima64_L0+632
0x040E	0xFEFF ;print_logo_ISIMA_isima64_L0+634
0x0410	0x80F0 ;print_logo_ISIMA_isima64_L0+636
0x0412	0x0000 ;print_logo_ISIMA_isima64_L0+638
0x0414	0xFFFF ;print_logo_ISIMA_isima64_L0+640
0x0416	0xFFFF ;print_logo_ISIMA_isima64_L0+642
0x0418	0xFFFF ;print_logo_ISIMA_isima64_L0+644
0x041A	0xFFFF ;print_logo_ISIMA_isima64_L0+646
0x041C	0xFFFF ;print_logo_ISIMA_isima64_L0+648
0x041E	0x00FF ;print_logo_ISIMA_isima64_L0+650
0x0420	0x1000 ;print_logo_ISIMA_isima64_L0+652
0x0422	0x3F3E ;print_logo_ISIMA_isima64_L0+654
0x0424	0x7F7F ;print_logo_ISIMA_isima64_L0+656
0x0426	0x7F7F ;print_logo_ISIMA_isima64_L0+658
0x0428	0xFFFF ;print_logo_ISIMA_isima64_L0+660
0x042A	0xFFFF ;print_logo_ISIMA_isima64_L0+662
0x042C	0xFFFF ;print_logo_ISIMA_isima64_L0+664
0x042E	0xFFFF ;print_logo_ISIMA_isima64_L0+666
0x0430	0x7FFF ;print_logo_ISIMA_isima64_L0+668
0x0432	0x7F7F ;print_logo_ISIMA_isima64_L0+670
0x0434	0x3F3F ;print_logo_ISIMA_isima64_L0+672
0x0436	0x0F1F ;print_logo_ISIMA_isima64_L0+674
0x0438	0x0107 ;print_logo_ISIMA_isima64_L0+676
0x043A	0x0000 ;print_logo_ISIMA_isima64_L0+678
0x043C	0xFFFF ;print_logo_ISIMA_isima64_L0+680
0x043E	0xFFFF ;print_logo_ISIMA_isima64_L0+682
0x0440	0xFFFF ;print_logo_ISIMA_isima64_L0+684
0x0442	0xFFFF ;print_logo_ISIMA_isima64_L0+686
0x0444	0xFFFF ;print_logo_ISIMA_isima64_L0+688
0x0446	0x00FF ;print_logo_ISIMA_isima64_L0+690
0x0448	0xFE00 ;print_logo_ISIMA_isima64_L0+692
0x044A	0xFFFF ;print_logo_ISIMA_isima64_L0+694
0x044C	0xFFFF ;print_logo_ISIMA_isima64_L0+696
0x044E	0xFFFF ;print_logo_ISIMA_isima64_L0+698
0x0450	0xFFFF ;print_logo_ISIMA_isima64_L0+700
0x0452	0x7FFF ;print_logo_ISIMA_isima64_L0+702
0x0454	0x0000 ;print_logo_ISIMA_isima64_L0+704
0x0456	0x0000 ;print_logo_ISIMA_isima64_L0+706
0x0458	0x3F03 ;print_logo_ISIMA_isima64_L0+708
0x045A	0xFFFF ;print_logo_ISIMA_isima64_L0+710
0x045C	0xFFFF ;print_logo_ISIMA_isima64_L0+712
0x045E	0xFFFF ;print_logo_ISIMA_isima64_L0+714
0x0460	0x1F7F ;print_logo_ISIMA_isima64_L0+716
0x0462	0x0003 ;print_logo_ISIMA_isima64_L0+718
0x0464	0x0000 ;print_logo_ISIMA_isima64_L0+720
0x0466	0x7F00 ;print_logo_ISIMA_isima64_L0+722
0x0468	0xFFFF ;print_logo_ISIMA_isima64_L0+724
0x046A	0xFFFF ;print_logo_ISIMA_isima64_L0+726
0x046C	0xFFFF ;print_logo_ISIMA_isima64_L0+728
0x046E	0xFFFF ;print_logo_ISIMA_isima64_L0+730
0x0470	0xFCFF ;print_logo_ISIMA_isima64_L0+732
0x0472	0xF0C0 ;print_logo_ISIMA_isima64_L0+734
0x0474	0xFFFE ;print_logo_ISIMA_isima64_L0+736
0x0476	0xFFFF ;print_logo_ISIMA_isima64_L0+738
0x0478	0xFFFF ;print_logo_ISIMA_isima64_L0+740
0x047A	0xFFFF ;print_logo_ISIMA_isima64_L0+742
0x047C	0xFFFF ;print_logo_ISIMA_isima64_L0+744
0x047E	0x033F ;print_logo_ISIMA_isima64_L0+746
0x0480	0x0000 ;print_logo_ISIMA_isima64_L0+748
0x0482	0x0000 ;print_logo_ISIMA_isima64_L0+750
0x0484	0x0000 ;print_logo_ISIMA_isima64_L0+752
0x0486	0x0700 ;print_logo_ISIMA_isima64_L0+754
0x0488	0xFF7F ;print_logo_ISIMA_isima64_L0+756
0x048A	0xFFFF ;print_logo_ISIMA_isima64_L0+758
0x048C	0xFFFF ;print_logo_ISIMA_isima64_L0+760
0x048E	0xFFFF ;print_logo_ISIMA_isima64_L0+762
0x0490	0xFFFF ;print_logo_ISIMA_isima64_L0+764
0x0492	0xE0FC ;print_logo_ISIMA_isima64_L0+766
0x0494	0x0000 ;print_logo_ISIMA_isima64_L0+768
0x0496	0x0000 ;print_logo_ISIMA_isima64_L0+770
0x0498	0x0000 ;print_logo_ISIMA_isima64_L0+772
0x049A	0x0000 ;print_logo_ISIMA_isima64_L0+774
0x049C	0x0000 ;print_logo_ISIMA_isima64_L0+776
0x049E	0x0000 ;print_logo_ISIMA_isima64_L0+778
0x04A0	0x0000 ;print_logo_ISIMA_isima64_L0+780
0x04A2	0x0000 ;print_logo_ISIMA_isima64_L0+782
0x04A4	0x0000 ;print_logo_ISIMA_isima64_L0+784
0x04A6	0x0000 ;print_logo_ISIMA_isima64_L0+786
0x04A8	0x0000 ;print_logo_ISIMA_isima64_L0+788
0x04AA	0x0000 ;print_logo_ISIMA_isima64_L0+790
0x04AC	0x0000 ;print_logo_ISIMA_isima64_L0+792
0x04AE	0x0000 ;print_logo_ISIMA_isima64_L0+794
0x04B0	0x0000 ;print_logo_ISIMA_isima64_L0+796
0x04B2	0x0000 ;print_logo_ISIMA_isima64_L0+798
0x04B4	0x0000 ;print_logo_ISIMA_isima64_L0+800
0x04B6	0x0000 ;print_logo_ISIMA_isima64_L0+802
0x04B8	0x0000 ;print_logo_ISIMA_isima64_L0+804
0x04BA	0x0000 ;print_logo_ISIMA_isima64_L0+806
0x04BC	0x0000 ;print_logo_ISIMA_isima64_L0+808
0x04BE	0x0000 ;print_logo_ISIMA_isima64_L0+810
0x04C0	0x0000 ;print_logo_ISIMA_isima64_L0+812
0x04C2	0x0000 ;print_logo_ISIMA_isima64_L0+814
0x04C4	0x0000 ;print_logo_ISIMA_isima64_L0+816
0x04C6	0x0000 ;print_logo_ISIMA_isima64_L0+818
0x04C8	0x0000 ;print_logo_ISIMA_isima64_L0+820
0x04CA	0x0000 ;print_logo_ISIMA_isima64_L0+822
0x04CC	0x0000 ;print_logo_ISIMA_isima64_L0+824
0x04CE	0x0000 ;print_logo_ISIMA_isima64_L0+826
0x04D0	0x0000 ;print_logo_ISIMA_isima64_L0+828
0x04D2	0x0000 ;print_logo_ISIMA_isima64_L0+830
0x04D4	0x0000 ;print_logo_ISIMA_isima64_L0+832
0x04D6	0x0000 ;print_logo_ISIMA_isima64_L0+834
0x04D8	0x0000 ;print_logo_ISIMA_isima64_L0+836
0x04DA	0x0000 ;print_logo_ISIMA_isima64_L0+838
0x04DC	0x0000 ;print_logo_ISIMA_isima64_L0+840
0x04DE	0x0000 ;print_logo_ISIMA_isima64_L0+842
0x04E0	0x0000 ;print_logo_ISIMA_isima64_L0+844
0x04E2	0x0000 ;print_logo_ISIMA_isima64_L0+846
0x04E4	0x0000 ;print_logo_ISIMA_isima64_L0+848
0x04E6	0x0000 ;print_logo_ISIMA_isima64_L0+850
0x04E8	0x0000 ;print_logo_ISIMA_isima64_L0+852
0x04EA	0x0000 ;print_logo_ISIMA_isima64_L0+854
0x04EC	0x0000 ;print_logo_ISIMA_isima64_L0+856
0x04EE	0x0000 ;print_logo_ISIMA_isima64_L0+858
0x04F0	0x0000 ;print_logo_ISIMA_isima64_L0+860
0x04F2	0x0000 ;print_logo_ISIMA_isima64_L0+862
0x04F4	0x0000 ;print_logo_ISIMA_isima64_L0+864
0x04F6	0x0000 ;print_logo_ISIMA_isima64_L0+866
0x04F8	0x0000 ;print_logo_ISIMA_isima64_L0+868
0x04FA	0x0000 ;print_logo_ISIMA_isima64_L0+870
0x04FC	0x0000 ;print_logo_ISIMA_isima64_L0+872
0x04FE	0x0000 ;print_logo_ISIMA_isima64_L0+874
0x0500	0x0000 ;print_logo_ISIMA_isima64_L0+876
0x0502	0x0000 ;print_logo_ISIMA_isima64_L0+878
0x0504	0x0000 ;print_logo_ISIMA_isima64_L0+880
0x0506	0x0000 ;print_logo_ISIMA_isima64_L0+882
0x0508	0x0000 ;print_logo_ISIMA_isima64_L0+884
0x050A	0x0000 ;print_logo_ISIMA_isima64_L0+886
0x050C	0x0000 ;print_logo_ISIMA_isima64_L0+888
0x050E	0x0000 ;print_logo_ISIMA_isima64_L0+890
0x0510	0x0000 ;print_logo_ISIMA_isima64_L0+892
0x0512	0x0000 ;print_logo_ISIMA_isima64_L0+894
0x0514	0x0000 ;print_logo_ISIMA_isima64_L0+896
0x0516	0x0000 ;print_logo_ISIMA_isima64_L0+898
0x0518	0x0000 ;print_logo_ISIMA_isima64_L0+900
0x051A	0x0000 ;print_logo_ISIMA_isima64_L0+902
0x051C	0x0000 ;print_logo_ISIMA_isima64_L0+904
0x051E	0x0000 ;print_logo_ISIMA_isima64_L0+906
0x0520	0x0000 ;print_logo_ISIMA_isima64_L0+908
0x0522	0x0000 ;print_logo_ISIMA_isima64_L0+910
0x0524	0x0000 ;print_logo_ISIMA_isima64_L0+912
0x0526	0x0000 ;print_logo_ISIMA_isima64_L0+914
0x0528	0x0000 ;print_logo_ISIMA_isima64_L0+916
0x052A	0x0000 ;print_logo_ISIMA_isima64_L0+918
0x052C	0x0000 ;print_logo_ISIMA_isima64_L0+920
0x052E	0x0000 ;print_logo_ISIMA_isima64_L0+922
0x0530	0x0000 ;print_logo_ISIMA_isima64_L0+924
0x0532	0x0000 ;print_logo_ISIMA_isima64_L0+926
0x0534	0x0000 ;print_logo_ISIMA_isima64_L0+928
0x0536	0x0000 ;print_logo_ISIMA_isima64_L0+930
0x0538	0x0000 ;print_logo_ISIMA_isima64_L0+932
0x053A	0x0000 ;print_logo_ISIMA_isima64_L0+934
0x053C	0x0000 ;print_logo_ISIMA_isima64_L0+936
0x053E	0x0000 ;print_logo_ISIMA_isima64_L0+938
0x0540	0x0000 ;print_logo_ISIMA_isima64_L0+940
0x0542	0x0000 ;print_logo_ISIMA_isima64_L0+942
0x0544	0x0000 ;print_logo_ISIMA_isima64_L0+944
0x0546	0x0000 ;print_logo_ISIMA_isima64_L0+946
0x0548	0x0000 ;print_logo_ISIMA_isima64_L0+948
0x054A	0x0000 ;print_logo_ISIMA_isima64_L0+950
0x054C	0x0000 ;print_logo_ISIMA_isima64_L0+952
0x054E	0x0000 ;print_logo_ISIMA_isima64_L0+954
0x0550	0x0000 ;print_logo_ISIMA_isima64_L0+956
0x0552	0x0000 ;print_logo_ISIMA_isima64_L0+958
0x0554	0x0000 ;print_logo_ISIMA_isima64_L0+960
0x0556	0x0000 ;print_logo_ISIMA_isima64_L0+962
0x0558	0x0000 ;print_logo_ISIMA_isima64_L0+964
0x055A	0x0000 ;print_logo_ISIMA_isima64_L0+966
0x055C	0x0000 ;print_logo_ISIMA_isima64_L0+968
0x055E	0x0000 ;print_logo_ISIMA_isima64_L0+970
0x0560	0x0000 ;print_logo_ISIMA_isima64_L0+972
0x0562	0x0000 ;print_logo_ISIMA_isima64_L0+974
0x0564	0x0000 ;print_logo_ISIMA_isima64_L0+976
0x0566	0x0000 ;print_logo_ISIMA_isima64_L0+978
0x0568	0x0000 ;print_logo_ISIMA_isima64_L0+980
0x056A	0x0000 ;print_logo_ISIMA_isima64_L0+982
0x056C	0x0000 ;print_logo_ISIMA_isima64_L0+984
0x056E	0x0000 ;print_logo_ISIMA_isima64_L0+986
0x0570	0x0000 ;print_logo_ISIMA_isima64_L0+988
0x0572	0x0000 ;print_logo_ISIMA_isima64_L0+990
0x0574	0x0000 ;print_logo_ISIMA_isima64_L0+992
0x0576	0x0000 ;print_logo_ISIMA_isima64_L0+994
0x0578	0x0000 ;print_logo_ISIMA_isima64_L0+996
0x057A	0x0000 ;print_logo_ISIMA_isima64_L0+998
0x057C	0x0000 ;print_logo_ISIMA_isima64_L0+1000
0x057E	0x0000 ;print_logo_ISIMA_isima64_L0+1002
0x0580	0x0000 ;print_logo_ISIMA_isima64_L0+1004
0x0582	0x0000 ;print_logo_ISIMA_isima64_L0+1006
0x0584	0x0000 ;print_logo_ISIMA_isima64_L0+1008
0x0586	0x0000 ;print_logo_ISIMA_isima64_L0+1010
0x0588	0x0000 ;print_logo_ISIMA_isima64_L0+1012
0x058A	0x0000 ;print_logo_ISIMA_isima64_L0+1014
0x058C	0x0000 ;print_logo_ISIMA_isima64_L0+1016
0x058E	0x0000 ;print_logo_ISIMA_isima64_L0+1018
0x0590	0x0000 ;print_logo_ISIMA_isima64_L0+1020
0x0592	0x0000 ;print_logo_ISIMA_isima64_L0+1022
; end of print_logo_ISIMA_isima64_L0
Symbol List:
//** Routines locations **
//ADDRESS    SIZE    PROCEDURE
//----------------------------------------------
0x001C      [12]    _Delay_10us
0x0028      [10]    __Lib_Glcd_Strobe
0x0032      [28]    _Glcd_Set_Side
0x004E      [38]    _Glcd_Set_X
0x0074      [14]    _Glcd_Write_Data
0x0082      [16]    _Glcd_Set_Page
0x0092      [62]    _Glcd_Init
0x00D0     [154]    _Glcd_Image
0x016A      [20]    _print_logo_ISIMA
0x017E      [16]    ___CC2DW
0x018E       [6]    _main
//** Variables locations ** 
//ADDRESS    SIZE    VARIABLE
//----------------------------------------------
0x0000       [1]    EEPROM_Write_SaveINTCON_L0
0x0000       [1]    R0
0x0000       [1]    SPI1_Write_tmp_L0
0x0000       [1]    UART1_Init_tmp_L0
0x0000       [1]    __Lib_SoftI2C_PutZerosToLATSda_temp_sda_L0
0x0000       [1]    __Lib_SoftI2C_PutZerosToLATScl_temp_scl_L0
0x0000       [1]    FLASH_Erase_64_SaveINTCON_L0
0x0001       [2]    FLASH_Read_N_Bytes_i_L0
0x0001       [1]    I2C1_Rd_tmp_L0
0x0001       [1]    FLASH_Erase_Write_64_i_L0
0x0001       [1]    FLASH_Write_8_i_L0
0x0001       [1]    UART1_Read___tmp_UART1_Read_L0
0x0001       [1]    R1
0x0001       [1]    __Lib_TFT_16bit_JPEG_FileReadBytes_Result_L0
0x0001       [1]    __Lib_TFT_JPEG_FileRead_i_L0
0x0001       [1]    __Lib_TFT_16bit_JPEG_FileRead_i_L0
0x0001       [1]    __Lib_PS2_Wait_Falling_nsample_L0
0x0001       [1]    ispunct_rslt_L0
0x0001       [1]    __Lib_TFT_JPEG_FileReadBytes_Result_L0
0x0002       [2]    memchr_s_L0
0x0002       [1]    FLASH_Erase_Write_64_j_L0
0x0002       [2]    strlen_cp_L0
0x0002       [2]    memset_pp_L0
0x0002       [1]    FLASH_Write_8_SaveINTCON_L0
0x0002       [2]    memcpy_dd_L0
0x0002       [1]    R2
0x0003       [2]    Ltrim_original_L0
0x0003       [2]    MM_TotalFreeMemSize_Tot_L0
0x0003       [1]    MM_Init_i_L0
0x0003       [2]    __Lib_MmcFat16_f16_toInt_l_L0
0x0003       [2]    memmove_tt_L0
0x0003       [1]    FLASH_Erase_Write_64_SaveINTCON_L0
0x0003       [1]    R3
0x0004       [2]    strncat_cp_L0
0x0004       [2]    frexp_pom_L0
0x0004       [1]    R4
0x0004       [2]    strcat_cp_L0
0x0004       [2]    strcpy_cp_L0
0x0004       [2]    __Lib_MemManager_MM_GetMemAlign_P_L0
0x0004       [2]    strncpy_cp_L0
0x0004       [2]    memcpy_ss_L0
0x0005       [2]    LongWordToHex_input_half_L0
0x0005       [1]    MM_TotalFreeMemSize_i_L0
0x0005       [2]    LongIntToHex_input_half_L0
0x0005       [2]    Ltrim_p_L0
0x0005       [1]    R5
0x0005       [2]    memmove_ff_L0
0x0006       [1]    __Lib_MemManager_MM_GetMemAlign_i_L0
0x0006       [1]    R6
0x0007       [1]    R7
0x0007       [1]    __Lib_TFT_16bit_JPEG_GenerateHuffmanTables_bLength_L0
0x0007       [1]    __Lib_TFT_JPEG_GenerateHuffmanTables_bLength_L0
0x0008       [1]    __Lib_TFT_16bit_JPEG_GenerateHuffmanTables_bTable_L0
0x0008       [1]    __Lib_TFT_JPEG_GenerateHuffmanTables_bTable_L0
0x0008       [1]    R8
0x0009       [1]    R9
0x0009       [4]    __Lib_MmcFat16_f16_toLong_l_L0
0x000A       [1]    R10
0x000B       [1]    R11
0x000C       [1]    R12
0x000D       [1]    R13
0x000E       [1]    R14
0x000F       [1]    R15
0x0010       [1]    R16
0x0011       [1]    R17
0x0012       [1]    R18
0x0013       [1]    R19
0x0014       [1]    R20
0x0015       [1]    __Lib_Glcd_FontInitialized
0x0016       [2]    __Lib_Glcd_ExternalFontSet
0x03FF       [1]    Glcd_Image_col_L0
0x0400       [1]    Glcd_Image_pg_L0
0x0401       [3]    FARG_Glcd_Image_image
0x0404       [2]    Glcd_Image_clan_niza_L0
0x0406       [1]    FARG_Glcd_Set_Page_page
0x0406       [1]    FARG_Glcd_Set_X_x_pos
0x0406       [1]    FARG_Glcd_Write_Data_ddata
0x0406       [1]    FARG_Glcd_Set_Side_x_pos
0x0F81       [0]    RB1_bit
0x0F81       [0]    RB2_bit
0x0F81       [0]    RB3_bit
0x0F81       [0]    GLCD_CS1
0x0F81       [0]    RB4_bit
0x0F81       [0]    RB0_bit
0x0F81       [0]    RB5_bit
0x0F81       [0]    GLCD_RS
0x0F81       [0]    GLCD_RST
0x0F81       [0]    GLCD_CS2
0x0F81       [0]    GLCD_RW
0x0F81       [0]    GLCD_EN
0x0F83       [1]    GLCD_DataPort
0x0F83       [1]    PORTD
0x0F93       [0]    TRISB3_bit
0x0F93       [0]    TRISB4_bit
0x0F93       [0]    TRISB2_bit
0x0F93       [0]    TRISB0_bit
0x0F93       [0]    TRISB1_bit
0x0F93       [0]    TRISB5_bit
0x0F93       [0]    GLCD_RST_Direction
0x0F93       [0]    GLCD_CS2_Direction
0x0F93       [0]    GLCD_CS1_Direction
0x0F93       [0]    GLCD_RS_Direction
0x0F93       [0]    GLCD_EN_Direction
0x0F93       [0]    GLCD_RW_Direction
0x0FD8       [1]    STATUS
0x0FD9       [1]    FSR2L
0x0FDA       [1]    FSR2H
0x0FDE       [1]    POSTINC2
0x0FE0       [1]    BSR
0x0FE1       [1]    FSR1L
0x0FE2       [1]    FSR1H
0x0FE4       [1]    PREINC1
0x0FE6       [1]    POSTINC1
0x0FE7       [1]    INDF1
0x0FE8       [1]    WREG
0x0FE9       [1]    FSR0L
0x0FEA       [1]    FSR0H
0x0FEE       [1]    POSTINC0
0x0FF3       [1]    PRODL
0x0FF4       [1]    PRODH
0x0FF5       [1]    TABLAT
0x0FF6       [1]    TBLPTRL
0x0FF7       [1]    TBLPTRH
0x0FF8       [1]    TBLPTRU
//** Constants locations ** 
//ADDRESS    SIZE    CONSTANT
//----------------------------------------------
0x0194    [1024]    print_logo_ISIMA_isima64_L0
//** Label List: ** 
//----------------------------------------------
  L_end_print_logo_ISIMA
  _print_logo_ISIMA
  L_main0
  L_main1
  L_end_main
  _main
  L_Delay_10us0
  L_Delay_22us1
  L_Delay_50us2
  L_Delay_80us3
  L_Delay_500us4
  L_Delay_5500us5
  L_Delay_1ms6
  L_Delay_5ms7
  L_Delay_8ms8
  L_Delay_100ms9
  L_Delay_10ms10
  L_Delay_1sec11
  L____Boot_Delay4k12
  L____Boot_Delay8k13
  L____Boot_Delay12k14
  L____Boot_Delay16k15
  L____Boot_Delay24k16
  L____Boot_Delay32k17
  L____Boot_Delay48k18
  L____Boot_Delay64k19
  L____Boot_Delay128k20
  L_Delay_Cyc21
  L_Delay_Cyc22
  L_VDelay_ms23
  L_VDelay_ms24
  L_VDelay_ms25
  L_VDelay_Advanced_ms26
  L_VDelay_Advanced_ms27
  L_VDelay_Advanced_ms28
  L_end_Get_Fosc_kHz
  _Get_Fosc_kHz
  L_end_Delay_1us
  _Delay_1us
  L_end_Delay_10us
  _Delay_10us
  L_end_Delay_22us
  _Delay_22us
  L_end_Delay_50us
  _Delay_50us
  L_end_Delay_80us
  _Delay_80us
  L_end_Delay_500us
  _Delay_500us
  L_end_Delay_5500us
  _Delay_5500us
  L_end_Delay_1ms
  _Delay_1ms
  L_end_Delay_5ms
  _Delay_5ms
  L_end_Delay_8ms
  _Delay_8ms
  L_end_Delay_100ms
  _Delay_100ms
  L_end_Delay_10ms
  _Delay_10ms
  L_end_Delay_1sec
  _Delay_1sec
  L_end____Boot_Delay4k
  ____Boot_Delay4k
  L_end____Boot_Delay8k
  ____Boot_Delay8k
  L_end____Boot_Delay12k
  ____Boot_Delay12k
  L_end____Boot_Delay16k
  ____Boot_Delay16k
  L_end____Boot_Delay24k
  ____Boot_Delay24k
  L_end____Boot_Delay32k
  ____Boot_Delay32k
  L_end____Boot_Delay48k
  ____Boot_Delay48k
  L_end____Boot_Delay64k
  ____Boot_Delay64k
  L_end____Boot_Delay128k
  ____Boot_Delay128k
  L_end_Delay_Cyc
  _Delay_Cyc
  L_end_VDelay_ms
  _VDelay_ms
  L__VDelay_ms54
  L__VDelay_ms55
  L__VDelay_ms56
  L_end_VDelay_Advanced_ms
  _VDelay_Advanced_ms
  L__VDelay_Advanced_ms58
  L__VDelay_Advanced_ms59
  L__VDelay_Advanced_ms60
  L_Glcd_Set_Side0
  L_Glcd_Set_Side1
  L_Glcd_Fill2
  L_Glcd_Fill3
  L_Glcd_Fill4
  L_Glcd_Fill5
  L_Glcd_Fill6
  L_Glcd_Fill7
  L_Glcd_Fill8
  L_Glcd_Fill9
  L_Glcd_Fill10
  L_Glcd_Fill11
  L_Glcd_Fill12
  L_Glcd_Fill13
  L_Glcd_Write_Char14
  L_Glcd_Write_Char15
  L_Glcd_Write_Char16
  L_Glcd_Write_Char17
  L_Glcd_Write_Char18
  L_Glcd_Write_Char19
  L_Glcd_Write_Char20
  L_Glcd_Write_Char21
  L_Glcd_Write_Char22
  L_Glcd_Write_Char23
  L_Glcd_Write_Char24
  L_Glcd_Write_Char25
  L_Glcd_Write_Char26
  L_Glcd_Write_Char27
  L_Glcd_Write_Text28
  L_Glcd_Write_Text29
  L_Glcd_Write_Text30
  L_Glcd_Write_Const_Text31
  L_Glcd_Write_Const_Text32
  L_Glcd_Write_Const_Text33
  L_Glcd_Dot34
  L_Glcd_Dot35
  L_Glcd_Dot36
  L_Glcd_Dot37
  L_Glcd_Dot38
  L_Glcd_Dot39
  L_Glcd_Dot40
  L_Glcd_Dot41
  L_Glcd_Line42
  L_Glcd_Line43
  L_Glcd_Line44
  L_Glcd_Line45
  L_Glcd_Line46
  L_Glcd_Line47
  L_Glcd_Line48
  L_Glcd_Line49
  L_Glcd_Line50
  L_Glcd_Line51
  L_Glcd_Line52
  L_Glcd_Line53
  L_Glcd_Line54
  L_Glcd_Line55
  L_Glcd_Line56
  L_Glcd_Line57
  L_Glcd_Line58
  L_Glcd_Line59
  L_Glcd_Line60
  L_Glcd_Line61
  L_Glcd_H_Line62
  L_Glcd_H_Line63
  L_Glcd_H_Line64
  L_Glcd_H_Line65
  L_Glcd_H_Line66
  L_Glcd_H_Line67
  L_Glcd_H_Line68
  L_Glcd_H_Line69
  L_Glcd_H_Line70
  L_Glcd_H_Line71
  L_Glcd_V_Line72
  L_Glcd_V_Line73
  L_Glcd_V_Line74
  L_Glcd_V_Line75
  L_Glcd_V_Line76
  L_Glcd_V_Line77
  L_Glcd_V_Line78
  L_Glcd_V_Line79
  L_Glcd_V_Line80
  L_Glcd_V_Line81
  L_Glcd_Circle82
  L_Glcd_Circle83
  L_Glcd_Circle84
  L_Glcd_Circle85
  L_Glcd_Circle86
  L_Glcd_Circle87
  L_Glcd_Circle88
  L_Glcd_Circle89
  L_Glcd_Circle_Fill90
  L_Glcd_Circle_Fill91
  L_Glcd_Circle_Fill92
  L_Glcd_Circle_Fill93
  L_Glcd_Circle_Fill94
  L_Glcd_Circle_Fill95
  L_Glcd_Circle_Fill96
  L_Glcd_Circle_Fill97
  L_Glcd_Circle_Fill98
  L_Glcd_Circle_Fill99
  L_Glcd_Image100
  L_Glcd_Image101
  L_Glcd_Image102
  L_Glcd_Image103
  L_Glcd_Image104
  L_Glcd_Image105
  L_Glcd_Image106
  L_Glcd_Image107
  L_Glcd_Rectangle_Round_Edges108
  L_Glcd_Rectangle_Round_Edges109
  L_Glcd_Rectangle_Round_Edges110
  L_Glcd_Rectangle_Round_Edges111
  L_Glcd_Rectangle_Round_Edges112
  L_Glcd_Rectangle_Round_Edges113
  L_Glcd_Rectangle_Round_Edges114
  L_Glcd_Rectangle_Round_Edges115
  L_Glcd_Rectangle_Round_Edges116
  L_Glcd_Rectangle_Round_Edges117
  L_Glcd_Rectangle_Round_Edges118
  L_Glcd_Rectangle_Round_Edges119
  L_Glcd_Rectangle_Round_Edges120
  L_Glcd_Box121
  L_Glcd_Box122
  L_Glcd_Box123
  L_Glcd_Rectangle_Round_Edges_Fill124
  L_Glcd_Rectangle_Round_Edges_Fill125
  L_Glcd_Rectangle_Round_Edges_Fill126
  L_Glcd_Rectangle_Round_Edges_Fill127
  L_Glcd_Rectangle_Round_Edges_Fill128
  L_Glcd_Rectangle_Round_Edges_Fill129
  L_Glcd_Rectangle_Round_Edges_Fill130
  L_Glcd_Rectangle_Round_Edges_Fill131
  L_Glcd_Rectangle_Round_Edges_Fill132
  L_Glcd_Rectangle_Round_Edges_Fill133
  L_Glcd_Rectangle_Round_Edges_Fill134
  L_Glcd_Rectangle_Round_Edges_Fill135
  L_Glcd_Rectangle_Round_Edges_Fill136
  L_Glcd_Rectangle_Round_Edges_Fill137
  L_Glcd_PartialImage138
  L_Glcd_PartialImage139
  L_Glcd_PartialImage140
  L_Glcd_PartialImage141
  L_Glcd_PartialImage142
  L_Glcd_PartialImage143
  L_Glcd_PartialImage144
  L_Glcd_PartialImage145
  L_Glcd_PartialImage146
  L_Glcd_PartialImage147
  L_Glcd_PartialImage148
  L_Glcd_PartialImage149
  L_Glcd_PartialImage150
  L_Glcd_PartialImage151
  L_Glcd_PartialImage152
  L_Glcd_PartialImage153
  L_Glcd_PartialImage154
  L_Glcd_PartialImage155
  L_Glcd_PartialImage156
  L_Glcd_PartialImage157
  L_Glcd_PartialImage158
  L_Glcd_PartialImage159
  L_Glcd_PartialImage160
  L_Glcd_PartialImage161
  L_Glcd_PartialImage162
  L_Glcd_PartialImage163
  L_Glcd_PartialImage164
  L_Glcd_PartialImage165
  L_Glcd_PartialImage166
  L___Lib_Glcd__Glcd_getHeader167
  L___Lib_Glcd__Glcd_getHeader168
  L___Lib_Glcd__Glcd_getHeader169
  L___Lib_Glcd__Glcd_getHeader170
  L___Lib_Glcd__Glcd_getHeader171
  L___Lib_Glcd__Glcd_Write_Char_AdvE172
  L___Lib_Glcd__Glcd_Write_Char_AdvE173
  L___Lib_Glcd__Glcd_Write_Char_AdvE174
  L___Lib_Glcd__Glcd_Write_Char_AdvE175
  L___Lib_Glcd__Glcd_Write_Char_AdvE176
  L___Lib_Glcd__Glcd_Write_Char_AdvE177
  L___Lib_Glcd__Glcd_Write_Char_AdvE178
  L___Lib_Glcd__Glcd_Write_Char_AdvE179
  L___Lib_Glcd__Glcd_Write_Char_AdvE180
  L___Lib_Glcd__Glcd_Write_Char_AdvE181
  L___Lib_Glcd__Glcd_Write_Char_AdvE182
  L___Lib_Glcd__Glcd_Write_Char_AdvE183
  L___Lib_Glcd__Glcd_Write_Char_AdvE184
  L___Lib_Glcd__Glcd_Write_Char_AdvE185
  L___Lib_Glcd__Glcd_Write_Char_AdvE186
  L___Lib_Glcd__Glcd_Write_Char_AdvE187
  L___Lib_Glcd__Glcd_Write_Char_AdvE188
  L___Lib_Glcd__Glcd_Write_Char_AdvE189
  L___Lib_Glcd__Glcd_Write_Char_AdvE190
  L___Lib_Glcd__Glcd_Write_Char_AdvE191
  L___Lib_Glcd__Glcd_Write_Char_AdvE192
  L___Lib_Glcd__Glcd_Write_Char_AdvE193
  L___Lib_Glcd__Glcd_Write_Char_AdvE194
  L___Lib_Glcd__Glcd_Write_Char_AdvE195
  L___Lib_Glcd__Glcd_Write_Char_AdvE196
  L___Lib_Glcd__Glcd_Write_Char_Adv197
  L___Lib_Glcd__Glcd_Write_Char_Adv198
  L___Lib_Glcd__Glcd_Write_Char_Adv199
  L___Lib_Glcd__Glcd_Write_Char_Adv200
  L___Lib_Glcd__Glcd_Write_Char_Adv201
  L___Lib_Glcd__Glcd_Write_Char_Adv202
  L___Lib_Glcd__Glcd_Write_Char_Adv203
  L___Lib_Glcd__Glcd_Write_Char_Adv204
  L___Lib_Glcd__Glcd_Write_Char_Adv205
  L___Lib_Glcd__Glcd_Write_Char_Adv206
  L___Lib_Glcd__Glcd_Write_Char_Adv207
  L___Lib_Glcd__Glcd_Write_Char_Adv208
  L___Lib_Glcd__Glcd_Write_Char_Adv209
  L___Lib_Glcd__Glcd_Write_Char_Adv210
  L___Lib_Glcd__Glcd_Write_Char_Adv211
  L___Lib_Glcd__Glcd_Write_Char_Adv212
  L___Lib_Glcd__Glcd_Write_Char_Adv213
  L___Lib_Glcd__Glcd_Write_Char_Adv214
  L___Lib_Glcd__Glcd_Write_Char_Adv215
  L___Lib_Glcd__Glcd_Write_Char_Adv216
  L___Lib_Glcd__Glcd_Write_Char_Adv217
  L___Lib_Glcd__Glcd_Write_Char_Return_Pos218
  L___Lib_Glcd__Glcd_Write_Char_Return_Pos219
  L___Lib_Glcd__Glcd_Write_Char_Return_Pos220
  L___Lib_Glcd__Glcd_Write_Char_Return_PosE221
  L___Lib_Glcd__Glcd_Write_Char_Return_PosE222
  L_Glcd_Write_Text_Return_Pos223
  L_Glcd_Write_Text_Return_Pos224
  L_Glcd_Write_Text_Return_Pos225
  L_Glcd_Write_Text_Return_Pos226
  L_Glcd_Write_Text_Return_Pos227
  L_Glcd_Write_Text_Return_Pos228
  L_Glcd_Write_Const_Text_Return_Pos229
  L_Glcd_Write_Const_Text_Return_Pos230
  L_Glcd_Write_Const_Text_Return_Pos231
  L_Glcd_Write_Const_Text_Return_Pos232
  L_Glcd_Write_Const_Text_Return_Pos233
  L_Glcd_Write_Const_Text_Return_Pos234
  L_Glcd_Write_Char_Adv235
  L_Glcd_Write_Char_Adv236
  L_Glcd_Write_Char_Adv237
  L_Glcd_Write_Char_Adv238
  L_Glcd_Write_Text_Adv239
  L_Glcd_Write_Text_Adv240
  L_Glcd_Write_Text_Adv241
  L_Glcd_Write_Text_Adv242
  L_Glcd_Write_Text_Adv243
  L_Glcd_Write_Text_Adv244
  L_Glcd_Write_Const_Text_Adv245
  L_Glcd_Write_Const_Text_Adv246
  L_Glcd_Write_Const_Text_Adv247
  L_Glcd_Write_Const_Text_Adv248
  L_Glcd_Write_Const_Text_Adv249
  L_Glcd_Write_Const_Text_Adv250
  L_Glcd_Ext_Image251
  L_Glcd_Ext_Image252
  L_Glcd_Ext_Image253
  L_Glcd_Ext_Image254
  L_Glcd_Ext_Image255
  L_Glcd_Ext_Image256
  L_Glcd_Ext_Image257
  L_Glcd_Ext_Image258
  L_Glcd_Ext_Image259
  L_Glcd_Ext_Image260
  L_Glcd_Ext_PartialImage261
  L_Glcd_Ext_PartialImage262
  L_Glcd_Ext_PartialImage263
  L_Glcd_Ext_PartialImage264
  L_Glcd_Ext_PartialImage265
  L_Glcd_Ext_PartialImage266
  L_Glcd_Ext_PartialImage267
  L_Glcd_Ext_PartialImage268
  L_Glcd_Ext_PartialImage269
  L_Glcd_Ext_PartialImage270
  L_Glcd_Ext_PartialImage271
  L_Glcd_Ext_PartialImage272
  L_Glcd_Ext_PartialImage273
  L_Glcd_Ext_PartialImage274
  L_Glcd_Ext_PartialImage275
  L_Glcd_Ext_PartialImage276
  L_Glcd_Ext_PartialImage277
  L_Glcd_Ext_PartialImage278
  L_Glcd_Ext_PartialImage279
  L_Glcd_Ext_PartialImage280
  L_Glcd_Ext_PartialImage281
  L_Glcd_Ext_PartialImage282
  L_Glcd_Ext_PartialImage283
  L_Glcd_Ext_PartialImage284
  L_Glcd_Ext_PartialImage285
  L_Glcd_Ext_PartialImage286
  L_Glcd_Ext_PartialImage287
  L_Glcd_Ext_PartialImage288
  L_Glcd_Ext_PartialImage289
  L_Glcd_Ext_PartialImage290
  L_Glcd_Ext_PartialImage291
  L_Glcd_Ext_PartialImage292
  L_Glcd_Ext_PartialImage293
  L_Glcd_Ext_PartialImage294
  L_Glcd_Ext_PartialImage295
  L_Glcd_Ext_PartialImage296
  L_Glcd_Ext_PartialImage297
  L_Glcd_Ext_PartialImage298
  L__Glcd_Dot299
  L__Glcd_H_Line300
  L__Glcd_V_Line301
  L__Glcd_PartialImage302
  L__Glcd_PartialImage303
  L__Glcd_PartialImage304
  L__Glcd_Ext_PartialImage305
  L__Glcd_Ext_PartialImage306
  L__Glcd_Ext_PartialImage307
  L__Glcd_Ext_PartialImage308
  L__Glcd_Ext_PartialImage309
  L__Glcd_Ext_PartialImage310
  L_end_Strobe
  __Lib_Glcd_Strobe
  L_end_Glcd_Set_Page
  _Glcd_Set_Page
  L_end_Glcd_Set_Side
  _Glcd_Set_Side
  L_end_Glcd_Set_X
  _Glcd_Set_X
  L_end_Glcd_Read_Data
  _Glcd_Read_Data
  L_end_Glcd_Write_Data
  _Glcd_Write_Data
  L_end_Glcd_Fill
  _Glcd_Fill
  L_end_Glcd_Init
  _Glcd_Init
  L_end_Glcd_Set_Font
  _Glcd_Set_Font
  L_end_Glcd_Write_Char
  _Glcd_Write_Char
  L_end_Glcd_Write_Text
  _Glcd_Write_Text
  L_end_Glcd_Write_Const_Text
  _Glcd_Write_Const_Text
  L_end_Glcd_Dot
  _Glcd_Dot
  L__Glcd_Dot324
  L__Glcd_Dot325
  L_end_Glcd_Line
  _Glcd_Line
  L__Glcd_Line327
  L__Glcd_Line328
  L__Glcd_Line329
  L__Glcd_Line330
  L__Glcd_Line331
  L__Glcd_Line332
  L__Glcd_Line333
  L__Glcd_Line334
  L__Glcd_Line335
  L__Glcd_Line336
  L__Glcd_Line337
  L__Glcd_Line338
  L__Glcd_Line339
  L__Glcd_Line340
  L__Glcd_Line341
  L_end_Glcd_H_Line
  _Glcd_H_Line
  L_end_Glcd_V_Line
  _Glcd_V_Line
  L_end_Glcd_Circle
  _Glcd_Circle
  L__Glcd_Circle345
  L__Glcd_Circle346
  L__Glcd_Circle347
  L__Glcd_Circle348
  L__Glcd_Circle349
  L__Glcd_Circle350
  L_end_Glcd_Circle_Fill
  _Glcd_Circle_Fill
  L__Glcd_Circle_Fill352
  L__Glcd_Circle_Fill353
  L__Glcd_Circle_Fill354
  L__Glcd_Circle_Fill355
  L__Glcd_Circle_Fill356
  L__Glcd_Circle_Fill357
  L__Glcd_Circle_Fill358
  L__Glcd_Circle_Fill359
  L_end_Glcd_Image
  _Glcd_Image
  L_end_Glcd_Rectangle
  _Glcd_Rectangle
  L_end_Glcd_Rectangle_Round_Edges
  _Glcd_Rectangle_Round_Edges
  L__Glcd_Rectangle_Round_Edges363
  L__Glcd_Rectangle_Round_Edges364
  L__Glcd_Rectangle_Round_Edges365
  L__Glcd_Rectangle_Round_Edges366
  L__Glcd_Rectangle_Round_Edges367
  L__Glcd_Rectangle_Round_Edges368
  L__Glcd_Rectangle_Round_Edges369
  L__Glcd_Rectangle_Round_Edges370
  L__Glcd_Rectangle_Round_Edges371
  L_end_Glcd_Box
  _Glcd_Box
  L_end_Glcd_Rectangle_Round_Edges_Fill
  _Glcd_Rectangle_Round_Edges_Fill
  L__Glcd_Rectangle_Round_Edges_Fill374
  L__Glcd_Rectangle_Round_Edges_Fill375
  L__Glcd_Rectangle_Round_Edges_Fill376
  L__Glcd_Rectangle_Round_Edges_Fill377
  L__Glcd_Rectangle_Round_Edges_Fill378
  L__Glcd_Rectangle_Round_Edges_Fill379
  L__Glcd_Rectangle_Round_Edges_Fill380
  L__Glcd_Rectangle_Round_Edges_Fill381
  L__Glcd_Rectangle_Round_Edges_Fill382
  L__Glcd_Rectangle_Round_Edges_Fill383
  L_end_Glcd_PartialImage
  _Glcd_PartialImage
  L__Glcd_PartialImage385
  L__Glcd_PartialImage386
  L__Glcd_PartialImage387
  L__Glcd_PartialImage388
  L__Glcd_PartialImage389
  L__Glcd_PartialImage390
  L__Glcd_PartialImage391
  L__Glcd_PartialImage392
  L__Glcd_PartialImage393
  L__Glcd_PartialImage394
  L__Glcd_PartialImage395
  L__Glcd_PartialImage396
  L__Glcd_PartialImage397
  L__Glcd_PartialImage398
  L__Glcd_PartialImage399
  L__Glcd_PartialImage400
  L__Glcd_PartialImage401
  L__Glcd_PartialImage402
  L__Glcd_PartialImage403
  L__Glcd_PartialImage404
  L__Glcd_PartialImage405
  L__Glcd_PartialImage406
  L__Glcd_PartialImage407
  L__Glcd_PartialImage408
  L__Glcd_PartialImage409
  L__Glcd_PartialImage410
  L_end_Glcd_Set_Ext_Buffer
  _Glcd_Set_Ext_Buffer
  L_end__Glcd_getHeader
  __Lib_Glcd__Glcd_getHeader
  L___Lib_Glcd__Glcd_getHeader413
  L___Lib_Glcd__Glcd_getHeader414
  L_end_Glcd_Set_Font_Adv
  _Glcd_Set_Font_Adv
  L_end_Glcd_Set_Ext_Font_Adv
  _Glcd_Set_Ext_Font_Adv
  L_end__Glcd_Write_Char_AdvE
  __Lib_Glcd__Glcd_Write_Char_AdvE
  L___Lib_Glcd__Glcd_Write_Char_AdvE418
  L___Lib_Glcd__Glcd_Write_Char_AdvE419
  L___Lib_Glcd__Glcd_Write_Char_AdvE420
  L___Lib_Glcd__Glcd_Write_Char_AdvE421
  L___Lib_Glcd__Glcd_Write_Char_AdvE422
  L___Lib_Glcd__Glcd_Write_Char_AdvE423
  L___Lib_Glcd__Glcd_Write_Char_AdvE424
  L___Lib_Glcd__Glcd_Write_Char_AdvE425
  L_end__Glcd_Write_Char_Adv
  __Lib_Glcd__Glcd_Write_Char_Adv
  L___Lib_Glcd__Glcd_Write_Char_Adv427
  L___Lib_Glcd__Glcd_Write_Char_Adv428
  L___Lib_Glcd__Glcd_Write_Char_Adv429
  L___Lib_Glcd__Glcd_Write_Char_Adv430
  L_end__Glcd_Write_Char_Return_Pos
  __Lib_Glcd__Glcd_Write_Char_Return_Pos
  L___Lib_Glcd__Glcd_Write_Char_Return_Pos432
  L___Lib_Glcd__Glcd_Write_Char_Return_Pos433
  L_end__Glcd_Write_Char_Return_PosE
  __Lib_Glcd__Glcd_Write_Char_Return_PosE
  L___Lib_Glcd__Glcd_Write_Char_Return_PosE435
  L___Lib_Glcd__Glcd_Write_Char_Return_PosE436
  L_end_Glcd_Move_Cursor
  __Lib_Glcd_Glcd_Move_Cursor
  L_end_Glcd_Write_Text_Return_Pos
  _Glcd_Write_Text_Return_Pos
  L__Glcd_Write_Text_Return_Pos439
  L__Glcd_Write_Text_Return_Pos440
  L_end_Glcd_Write_Const_Text_Return_Pos
  _Glcd_Write_Const_Text_Return_Pos
  L__Glcd_Write_Const_Text_Return_Pos442
  L__Glcd_Write_Const_Text_Return_Pos443
  L_end_Glcd_Write_Char_Adv
  _Glcd_Write_Char_Adv
  L__Glcd_Write_Char_Adv445
  L__Glcd_Write_Char_Adv446
  L_end_Glcd_Write_Text_Adv
  _Glcd_Write_Text_Adv
  L__Glcd_Write_Text_Adv448
  L__Glcd_Write_Text_Adv449
  L_end_Glcd_Write_Const_Text_Adv
  _Glcd_Write_Const_Text_Adv
  L__Glcd_Write_Const_Text_Adv451
  L__Glcd_Write_Const_Text_Adv452
  L_end_Glcd_Ext_Image
  _Glcd_Ext_Image
  L__Glcd_Ext_Image454
  L__Glcd_Ext_Image455
  L__Glcd_Ext_Image456
  L__Glcd_Ext_Image457
  L__Glcd_Ext_Image458
  L_end_Glcd_Ext_PartialImage
  _Glcd_Ext_PartialImage
  L__Glcd_Ext_PartialImage460
  L__Glcd_Ext_PartialImage461
  L__Glcd_Ext_PartialImage462
  L__Glcd_Ext_PartialImage463
  L__Glcd_Ext_PartialImage464
  L__Glcd_Ext_PartialImage465
  L__Glcd_Ext_PartialImage466
  L__Glcd_Ext_PartialImage467
  L__Glcd_Ext_PartialImage468
  L__Glcd_Ext_PartialImage469
  L__Glcd_Ext_PartialImage470
  L__Glcd_Ext_PartialImage471
  L__Glcd_Ext_PartialImage472
  L__Glcd_Ext_PartialImage473
  L__Glcd_Ext_PartialImage474
  L__Glcd_Ext_PartialImage475
  L__Glcd_Ext_PartialImage476
  L__Glcd_Ext_PartialImage477
  L__Glcd_Ext_PartialImage478
  L__Glcd_Ext_PartialImage479
  L__Glcd_Ext_PartialImage480
  L__Glcd_Ext_PartialImage481
  L__Glcd_Ext_PartialImage482
  L__Glcd_Ext_PartialImage483
  L__Glcd_Ext_PartialImage484
  L__Glcd_Ext_PartialImage485
  L__Glcd_Ext_PartialImage486
  L__Glcd_Ext_PartialImage487
  L__Glcd_Ext_PartialImage488
  L__Glcd_Ext_PartialImage489
  _CC2D_Loop1
  _CC2DL_Loop1
  L_loopCA2AWs
  L_loopCCA2AWs
  L_loopCS2Ss
  L_CS2Send
  L_loopCCS2Ss
  L_CCS2Send
  L_loopFZinSWs
  L_longjmp7
  L_end___CC2D
  ___CC2D
  L_end___CC2DW
  ___CC2DW
  L_end___CA2AW
  ___CA2AW
  L_end___CCA2AW
  ___CCA2AW
  L_end___CS2S
  ___CS2S
  L_end___CCS2S
  ___CCS2S
  L_end___FZinS
  ___FZinS
  L_end_____DoIFC
  _____DoIFC
  L_end_Swap
  _Swap
  L_end_setjmp
  _setjmp
  L_end_longjmp
  _longjmp
